Release 14.6 - xst P.68d (nt64)
Copyright (c) 1995-2013 Xilinx, Inc.  All rights reserved.
--> Parameter TMPDIR set to xst/projnav.tmp


Total REAL time to Xst completion: 0.00 secs
Total CPU time to Xst completion: 0.08 secs
 
--> Parameter xsthdpdir set to xst


Total REAL time to Xst completion: 0.00 secs
Total CPU time to Xst completion: 0.08 secs
 
--> Reading design: RAM_ar.prj

TABLE OF CONTENTS
  1) Synthesis Options Summary
  2) HDL Parsing
  3) HDL Elaboration
  4) HDL Synthesis
       4.1) HDL Synthesis Report
  5) Advanced HDL Synthesis
       5.1) Advanced HDL Synthesis Report
  6) Low Level Synthesis
  7) Partition Report
  8) Design Summary
       8.1) Primitive and Black Box Usage
       8.2) Device utilization summary
       8.3) Partition Resource Summary
       8.4) Timing Report
            8.4.1) Clock Information
            8.4.2) Asynchronous Control Signals Information
            8.4.3) Timing Summary
            8.4.4) Timing Details
            8.4.5) Cross Clock Domains Report


=========================================================================
*                      Synthesis Options Summary                        *
=========================================================================
---- Source Parameters
Input File Name                    : "RAM_ar.prj"
Ignore Synthesis Constraint File   : NO

---- Target Parameters
Output File Name                   : "RAM_ar"
Output Format                      : NGC
Target Device                      : xa7a100t-2I-csg324

---- Source Options
Top Module Name                    : RAM_ar
Automatic FSM Extraction           : YES
FSM Encoding Algorithm             : Auto
Safe Implementation                : No
FSM Style                          : LUT
RAM Extraction                     : Yes
RAM Style                          : Auto
ROM Extraction                     : Yes
Shift Register Extraction          : YES
ROM Style                          : Auto
Resource Sharing                   : YES
Asynchronous To Synchronous        : NO
Shift Register Minimum Size        : 2
Use DSP Block                      : Auto
Automatic Register Balancing       : No

---- Target Options
LUT Combining                      : Auto
Reduce Control Sets                : Auto
Add IO Buffers                     : YES
Global Maximum Fanout              : 100000
Add Generic Clock Buffer(BUFG)     : 32
Register Duplication               : YES
Optimize Instantiated Primitives   : NO
Use Clock Enable                   : Auto
Use Synchronous Set                : Auto
Use Synchronous Reset              : Auto
Pack IO Registers into IOBs        : Auto
Equivalent register Removal        : YES

---- General Options
Optimization Goal                  : Speed
Optimization Effort                : 1
Power Reduction                    : NO
Keep Hierarchy                     : No
Netlist Hierarchy                  : As_Optimized
RTL Output                         : Yes
Global Optimization                : AllClockNets
Read Cores                         : YES
Write Timing Constraints           : NO
Cross Clock Analysis               : NO
Hierarchy Separator                : /
Bus Delimiter                      : <>
Case Specifier                     : Maintain
Slice Utilization Ratio            : 100
BRAM Utilization Ratio             : 100
DSP48 Utilization Ratio            : 100
Auto BRAM Packing                  : NO
Slice Utilization Ratio Delta      : 5

=========================================================================


=========================================================================
*                          HDL Parsing                                  *
=========================================================================
Analyzing Verilog file "D:\Synchronous\Graduate Studies\Homework\672\HWprojects\HW6-IIR\RAM_ar.v" into library work
Parsing module <RAM_ar>.

=========================================================================
*                            HDL Elaboration                            *
=========================================================================

Elaborating module <RAM_ar>.

=========================================================================
*                           HDL Synthesis                               *
=========================================================================

Synthesizing Unit <RAM_ar>.
    Related source file is "D:\Synchronous\Graduate Studies\Homework\672\HWprojects\HW6-IIR\RAM_ar.v".
        addWidth = 4
        dataWidth = 6
    Found 96-bit register for signal <n0025[95:0]>.
    Found 6-bit 16-to-1 multiplexer for signal <dout> created at line 34.
    Summary:
	inferred  96 D-type flip-flop(s).
	inferred  17 Multiplexer(s).
Unit <RAM_ar> synthesized.

=========================================================================
HDL Synthesis Report

Macro Statistics
# Registers                                            : 1
 96-bit register                                       : 1
# Multiplexers                                         : 17
 6-bit 16-to-1 multiplexer                             : 1
 6-bit 2-to-1 multiplexer                              : 16

=========================================================================

=========================================================================
*                       Advanced HDL Synthesis                          *
=========================================================================

WARNING:Xst - The specified part-type was not generated at build time. XST is loading the full part-type and will therefore consume more CPU and memory.
Loading device for application Rf_Device from file '7a100t.nph' in environment D:\Xilinx14.6\14.6\ISE_DS\ISE\.
Loading device for application Rf_Device from file '7a100t.nph' in environment D:\Xilinx14.6\14.6\ISE_DS\ISE\.

=========================================================================
Advanced HDL Synthesis Report

Macro Statistics
# Registers                                            : 96
 Flip-Flops                                            : 96
# Multiplexers                                         : 102
 1-bit 16-to-1 multiplexer                             : 6
 1-bit 2-to-1 multiplexer                              : 96

=========================================================================

=========================================================================
*                         Low Level Synthesis                           *
=========================================================================

Optimizing unit <RAM_ar> ...

Mapping all equations...
Building and optimizing final netlist ...
Found area constraint ratio of 100 (+ 5) on block RAM_ar, actual ratio is 0.

Final Macro Processing ...

=========================================================================
Final Register Report

Macro Statistics
# Registers                                            : 96
 Flip-Flops                                            : 96

=========================================================================

=========================================================================
*                           Partition Report                            *
=========================================================================

Partition Implementation Status
-------------------------------

  No Partitions were found in this design.

-------------------------------

=========================================================================
*                            Design Summary                             *
=========================================================================

Top Level Output File Name         : RAM_ar.ngc

Primitive and Black Box Usage:
------------------------------
# BELS                             : 139
#      INV                         : 1
#      LUT6                        : 120
#      MUXF7                       : 12
#      MUXF8                       : 6
# FlipFlops/Latches                : 96
#      FDRE                        : 64
#      FDSE                        : 32
# Clock Buffers                    : 1
#      BUFGP                       : 1
# IO Buffers                       : 18
#      IBUF                        : 12
#      OBUF                        : 6

Device utilization summary:
---------------------------

Selected Device : xa7a100tcsg324-2i 


Slice Logic Utilization: 
 Number of Slice Registers:              96  out of  126800     0%  
 Number of Slice LUTs:                  121  out of  63400     0%  
    Number used as Logic:               121  out of  63400     0%  

Slice Logic Distribution: 
 Number of LUT Flip Flop pairs used:    121
   Number with an unused Flip Flop:      25  out of    121    20%  
   Number with an unused LUT:             0  out of    121     0%  
   Number of fully used LUT-FF pairs:    96  out of    121    79%  
   Number of unique control sets:         1

IO Utilization: 
 Number of IOs:                          19
 Number of bonded IOBs:                  19  out of    210     9%  

Specific Feature Utilization:
 Number of BUFG/BUFGCTRLs:                1  out of     32     3%  

---------------------------
Partition Resource Summary:
---------------------------

  No Partitions were found in this design.

---------------------------


=========================================================================
Timing Report

NOTE: THESE TIMING NUMBERS ARE ONLY A SYNTHESIS ESTIMATE.
      FOR ACCURATE TIMING INFORMATION PLEASE REFER TO THE TRACE REPORT
      GENERATED AFTER PLACE-and-ROUTE.

Clock Information:
------------------
-----------------------------------+------------------------+-------+
Clock Signal                       | Clock buffer(FF name)  | Load  |
-----------------------------------+------------------------+-------+
CLK                                | BUFGP                  | 96    |
-----------------------------------+------------------------+-------+

Asynchronous Control Signals Information:
----------------------------------------
No asynchronous control signals found in this design

Timing Summary:
---------------
Speed Grade: -2

   Minimum period: 0.826ns (Maximum Frequency: 1210.287MHz)
   Minimum input arrival time before clock: 1.283ns
   Maximum output required time after clock: 1.915ns
   Maximum combinational path delay: 1.833ns

Timing Details:
---------------
All values displayed in nanoseconds (ns)

=========================================================================
Timing constraint: Default period analysis for Clock 'CLK'
  Clock period: 0.826ns (frequency: 1210.287MHz)
  Total number of paths / destination ports: 96 / 96
-------------------------------------------------------------------------
Delay:               0.826ns (Levels of Logic = 1)
  Source:            RAM_0_0 (FF)
  Destination:       RAM_0_0 (FF)
  Source Clock:      CLK rising
  Destination Clock: CLK rising

  Data Path: RAM_0_0 to RAM_0_0
                                Gate     Net
    Cell:in->out      fanout   Delay   Delay  Logical Name (Net Name)
    ----------------------------------------  ------------
     FDRE:C->Q             2   0.361   0.360  RAM_0_0 (RAM_0_0)
     LUT6:I5->O            1   0.097   0.000  mux9011 (RAM[0][5]_din[5]_mux_17_OUT<0>)
     FDRE:D                    0.008          RAM_0_0
    ----------------------------------------
    Total                      0.826ns (0.466ns logic, 0.360ns route)
                                       (56.4% logic, 43.6% route)

=========================================================================
Timing constraint: Default OFFSET IN BEFORE for Clock 'CLK'
  Total number of paths / destination ports: 672 / 288
-------------------------------------------------------------------------
Offset:              1.283ns (Levels of Logic = 2)
  Source:            RST (PAD)
  Destination:       RAM_0_0 (FF)
  Destination Clock: CLK rising

  Data Path: RST to RAM_0_0
                                Gate     Net
    Cell:in->out      fanout   Delay   Delay  Logical Name (Net Name)
    ----------------------------------------  ------------
     IBUF:I->O             1   0.001   0.339  RST_IBUF (RST_IBUF)
     INV:I->O             96   0.113   0.481  RST_inv1_INV_0 (RST_inv)
     FDRE:R                    0.349          RAM_0_0
    ----------------------------------------
    Total                      1.283ns (0.463ns logic, 0.820ns route)
                                       (36.1% logic, 63.9% route)

=========================================================================
Timing constraint: Default OFFSET OUT AFTER for Clock 'CLK'
  Total number of paths / destination ports: 96 / 6
-------------------------------------------------------------------------
Offset:              1.915ns (Levels of Logic = 4)
  Source:            RAM_0_41 (FF)
  Destination:       dout<5> (PAD)
  Source Clock:      CLK rising

  Data Path: RAM_0_41 to dout<5>
                                Gate     Net
    Cell:in->out      fanout   Delay   Delay  Logical Name (Net Name)
    ----------------------------------------  ------------
     FDRE:C->Q             2   0.361   0.621  RAM_0_41 (RAM_0_41)
     LUT6:I2->O            1   0.097   0.000  mux101_51 (mux101_51)
     MUXF7:I1->O           1   0.279   0.000  mux101_4_f7 (mux101_4_f7)
     MUXF8:I0->O           1   0.218   0.339  mux101_2_f8 (dout_5_OBUF)
     OBUF:I->O                 0.000          dout_5_OBUF (dout<5>)
    ----------------------------------------
    Total                      1.915ns (0.955ns logic, 0.960ns route)
                                       (49.9% logic, 50.1% route)

=========================================================================
Timing constraint: Default path analysis
  Total number of paths / destination ports: 66 / 6
-------------------------------------------------------------------------
Delay:               1.833ns (Levels of Logic = 5)
  Source:            addr<1> (PAD)
  Destination:       dout<5> (PAD)

  Data Path: addr<1> to dout<5>
                                Gate     Net
    Cell:in->out      fanout   Delay   Delay  Logical Name (Net Name)
    ----------------------------------------  ------------
     IBUF:I->O           120   0.001   0.899  addr_1_IBUF (addr_1_IBUF)
     LUT6:I0->O            1   0.097   0.000  mux98_51 (mux98_51)
     MUXF7:I1->O           1   0.279   0.000  mux98_4_f7 (mux98_4_f7)
     MUXF8:I0->O           1   0.218   0.339  mux98_2_f8 (dout_2_OBUF)
     OBUF:I->O                 0.000          dout_2_OBUF (dout<2>)
    ----------------------------------------
    Total                      1.833ns (0.595ns logic, 1.238ns route)
                                       (32.5% logic, 67.5% route)

=========================================================================

Cross Clock Domains Report:
--------------------------

Clock to Setup on destination clock CLK
---------------+---------+---------+---------+---------+
               | Src:Rise| Src:Fall| Src:Rise| Src:Fall|
Source Clock   |Dest:Rise|Dest:Rise|Dest:Fall|Dest:Fall|
---------------+---------+---------+---------+---------+
CLK            |    0.826|         |         |         |
---------------+---------+---------+---------+---------+

=========================================================================


Total REAL time to Xst completion: 30.00 secs
Total CPU time to Xst completion: 30.18 secs
 
--> 

Total memory usage is 751740 kilobytes

Number of errors   :    0 (   0 filtered)
Number of warnings :    1 (   0 filtered)
Number of infos    :    0 (   0 filtered)

